Cache directory: /root/.cache/autoresearch

Data: downloading 390 shards (11 already exist)...
  Downloaded shard_00080.parquet
  Downloaded shard_00081.parquet
  Downloaded shard_00082.parquet
  Downloaded shard_00083.parquet
  Downloaded shard_00192.parquet
  Downloaded shard_00193.parquet
  Downloaded shard_00194.parquet
  Downloaded shard_00195.parquet
  Downloaded shard_00280.parquet
  Downloaded shard_00281.parquet
  Downloaded shard_00282.parquet
  Downloaded shard_00283.parquet
  Downloaded shard_00096.parquet
  Downloaded shard_00097.parquet
  Downloaded shard_00098.parquet
  Downloaded shard_00099.parquet
  Downloaded shard_00204.parquet
  Downloaded shard_00205.parquet
  Downloaded shard_00206.parquet
  Downloaded shard_00207.parquet
  Downloaded shard_00292.parquet
  Downloaded shard_00293.parquet
  Downloaded shard_00294.parquet
  Downloaded shard_00295.parquet
  Downloaded shard_00120.parquet
  Downloaded shard_00121.parquet
  Downloaded shard_00122.parquet
  Downloaded shard_00123.parquet
  Downloaded shard_00212.parquet
  Downloaded shard_00213.parquet
  Downloaded shard_00214.parquet
  Downloaded shard_00215.parquet
  Downloaded shard_00312.parquet
  Downloaded shard_00313.parquet
  Downloaded shard_00314.parquet
  Downloaded shard_00315.parquet
  Downloaded shard_00064.parquet
  Downloaded shard_00065.parquet
  Downloaded shard_00066.parquet
  Downloaded shard_00067.parquet
  Downloaded shard_00148.parquet
  Downloaded shard_00149.parquet
  Downloaded shard_00150.parquet
  Downloaded shard_00151.parquet
  Downloaded shard_00252.parquet
  Downloaded shard_00253.parquet
  Downloaded shard_00254.parquet
  Downloaded shard_00255.parquet
  Downloaded shard_00016.parquet
  Downloaded shard_00017.parquet
  Downloaded shard_00018.parquet
  Downloaded shard_00019.parquet
  Downloaded shard_00260.parquet
  Downloaded shard_00261.parquet
  Downloaded shard_00262.parquet
  Downloaded shard_00263.parquet
  Downloaded shard_00044.parquet
  Downloaded shard_00045.parquet
  Downloaded shard_00046.parquet
  Downloaded shard_00047.parquet
  Downloaded shard_00232.parquet
  Downloaded shard_00233.parquet
  Downloaded shard_00234.parquet
  Downloaded shard_00235.parquet
  Downloaded shard_00328.parquet
  Downloaded shard_00329.parquet
  Downloaded shard_00330.parquet
  Downloaded shard_00331.parquet
  Downloaded shard_00020.parquet
  Downloaded shard_00021.parquet
  Downloaded shard_00022.parquet
  Downloaded shard_00023.parquet
  Downloaded shard_00208.parquet
  Downloaded shard_00209.parquet
  Downloaded shard_00210.parquet
  Downloaded shard_00211.parquet
  Downloaded shard_00340.parquet
  Downloaded shard_00341.parquet
  Downloaded shard_00342.parquet
  Downloaded shard_00343.parquet
  Downloaded shard_00040.parquet
  Downloaded shard_00041.parquet
  Downloaded shard_00042.parquet
  Downloaded shard_00043.parquet
  Downloaded shard_00244.parquet
  Downloaded shard_00245.parquet
  Downloaded shard_00246.parquet
  Downloaded shard_00247.parquet
  Downloaded shard_00332.parquet
  Downloaded shard_00333.parquet
  Downloaded shard_00334.parquet
  Downloaded shard_00335.parquet
  Downloaded shard_00052.parquet
  Downloaded shard_00053.parquet
  Downloaded shard_00054.parquet
  Downloaded shard_00055.parquet
  Downloaded shard_00256.parquet
  Downloaded shard_00257.parquet
  Downloaded shard_00258.parquet
  Downloaded shard_00259.parquet
  Downloaded shard_00336.parquet
  Downloaded shard_00337.parquet
  Downloaded shard_00338.parquet
  Downloaded shard_00339.parquet
  Downloaded shard_00024.parquet
  Downloaded shard_00025.parquet
  Downloaded shard_00026.parquet
  Downloaded shard_00027.parquet
  Downloaded shard_00248.parquet
  Downloaded shard_00249.parquet
  Downloaded shard_00250.parquet
  Downloaded shard_00251.parquet
  Downloaded shard_00060.parquet
  Downloaded shard_00061.parquet
  Downloaded shard_00062.parquet
  Downloaded shard_00063.parquet
  Downloaded shard_00324.parquet
  Downloaded shard_00325.parquet
  Downloaded shard_00326.parquet
  Downloaded shard_00327.parquet
  Downloaded shard_00084.parquet
  Downloaded shard_00085.parquet
  Downloaded shard_00086.parquet
  Downloaded shard_00087.parquet
  Downloaded shard_00184.parquet
  Downloaded shard_00185.parquet
  Downloaded shard_00186.parquet
  Downloaded shard_00187.parquet
  Downloaded shard_00288.parquet
  Downloaded shard_00289.parquet
  Downloaded shard_00290.parquet
  Downloaded shard_00291.parquet
  Downloaded shard_00032.parquet
  Downloaded shard_00033.parquet
  Downloaded shard_00034.parquet
  Downloaded shard_00035.parquet
  Downloaded shard_00224.parquet
  Downloaded shard_00225.parquet
  Downloaded shard_00226.parquet
  Downloaded shard_00227.parquet
  Downloaded shard_00316.parquet
  Downloaded shard_00317.parquet
  Downloaded shard_00318.parquet
  Downloaded shard_00319.parquet
  Downloaded shard_00124.parquet
  Downloaded shard_00125.parquet
  Downloaded shard_00126.parquet
  Downloaded shard_00127.parquet
  Downloaded shard_00296.parquet
  Downloaded shard_00297.parquet
  Downloaded shard_00298.parquet
  Downloaded shard_00299.parquet
  Downloaded shard_00028.parquet
  Downloaded shard_00029.parquet
  Downloaded shard_00030.parquet
  Downloaded shard_00031.parquet
  Downloaded shard_00188.parquet
  Downloaded shard_00189.parquet
  Downloaded shard_00190.parquet
  Downloaded shard_00191.parquet
  Downloaded shard_00010.parquet
  Downloaded shard_00011.parquet
  Downloaded shard_00136.parquet
  Downloaded shard_00137.parquet
  Downloaded shard_00138.parquet
  Downloaded shard_00139.parquet
  Downloaded shard_00348.parquet
  Downloaded shard_00349.parquet
  Downloaded shard_00350.parquet
  Downloaded shard_00351.parquet
  Downloaded shard_00108.parquet
  Downloaded shard_00109.parquet
  Downloaded shard_00110.parquet
  Downloaded shard_00111.parquet
  Downloaded shard_00196.parquet
  Downloaded shard_00197.parquet
  Downloaded shard_00198.parquet
  Downloaded shard_00199.parquet
  Downloaded shard_00284.parquet
  Downloaded shard_00285.parquet
  Downloaded shard_00286.parquet
  Downloaded shard_00287.parquet
  Downloaded shard_00364.parquet
  Downloaded shard_00365.parquet
  Downloaded shard_00366.parquet
  Downloaded shard_00367.parquet
  Downloaded shard_00112.parquet
  Downloaded shard_00113.parquet
  Downloaded shard_00114.parquet
  Downloaded shard_00115.parquet
  Downloaded shard_00216.parquet
  Downloaded shard_00217.parquet
  Downloaded shard_00218.parquet
  Downloaded shard_00219.parquet
  Downloaded shard_00368.parquet
  Downloaded shard_00369.parquet
  Downloaded shard_00370.parquet
  Downloaded shard_00371.parquet
  Downloaded shard_00128.parquet
  Downloaded shard_00129.parquet
  Downloaded shard_00130.parquet
  Downloaded shard_00131.parquet
  Downloaded shard_00100.parquet
  Downloaded shard_00101.parquet
  Downloaded shard_00102.parquet
  Downloaded shard_00103.parquet
  Downloaded shard_00160.parquet
  Downloaded shard_00161.parquet
  Downloaded shard_00162.parquet
  Downloaded shard_00163.parquet
  Downloaded shard_00240.parquet
  Downloaded shard_00241.parquet
  Downloaded shard_00242.parquet
  Downloaded shard_00243.parquet
  Downloaded shard_00036.parquet
  Downloaded shard_00037.parquet
  Downloaded shard_00038.parquet
  Downloaded shard_00039.parquet
  Downloaded shard_00180.parquet
  Downloaded shard_00181.parquet
  Downloaded shard_00182.parquet
  Downloaded shard_00183.parquet
  Downloaded shard_00276.parquet
  Downloaded shard_00277.parquet
  Downloaded shard_00278.parquet
  Downloaded shard_00279.parquet
  Downloaded shard_00360.parquet
  Downloaded shard_00361.parquet
  Downloaded shard_00362.parquet
  Downloaded shard_00363.parquet
  Downloaded shard_00092.parquet
  Downloaded shard_00093.parquet
  Downloaded shard_00094.parquet
  Downloaded shard_00095.parquet
  Downloaded shard_00220.parquet
  Downloaded shard_00221.parquet
  Downloaded shard_00222.parquet
  Downloaded shard_00223.parquet
  Downloaded shard_00320.parquet
  Downloaded shard_00321.parquet
  Downloaded shard_00322.parquet
  Downloaded shard_00323.parquet
  Downloaded shard_00088.parquet
  Downloaded shard_00089.parquet
  Downloaded shard_00090.parquet
  Downloaded shard_00091.parquet
  Downloaded shard_00144.parquet
  Downloaded shard_00145.parquet
  Downloaded shard_00146.parquet
  Downloaded shard_00147.parquet
  Downloaded shard_00228.parquet
  Downloaded shard_00229.parquet
  Downloaded shard_00230.parquet
  Downloaded shard_00231.parquet
  Downloaded shard_00380.parquet
  Downloaded shard_00381.parquet
  Downloaded shard_00382.parquet
  Downloaded shard_00383.parquet
  Downloaded shard_00104.parquet
  Downloaded shard_00105.parquet
  Downloaded shard_00106.parquet
  Downloaded shard_00107.parquet
  Downloaded shard_00140.parquet
  Downloaded shard_00141.parquet
  Downloaded shard_00142.parquet
  Downloaded shard_00143.parquet
  Downloaded shard_00308.parquet
  Downloaded shard_00309.parquet
  Downloaded shard_00310.parquet
  Downloaded shard_00311.parquet
  Downloaded shard_00392.parquet
  Downloaded shard_00393.parquet
  Downloaded shard_00394.parquet
  Downloaded shard_00395.parquet
  Downloaded shard_00076.parquet
  Downloaded shard_00077.parquet
  Downloaded shard_00078.parquet
  Downloaded shard_00079.parquet
  Downloaded shard_00172.parquet
  Downloaded shard_00173.parquet
  Downloaded shard_00174.parquet
  Downloaded shard_00175.parquet
  Downloaded shard_00352.parquet
  Downloaded shard_00353.parquet
  Downloaded shard_00354.parquet
  Downloaded shard_00355.parquet
  Downloaded shard_00116.parquet
  Downloaded shard_00117.parquet
  Downloaded shard_00118.parquet
  Downloaded shard_00119.parquet
  Downloaded shard_00176.parquet
  Downloaded shard_00177.parquet
  Downloaded shard_00178.parquet
  Downloaded shard_00179.parquet
  Downloaded shard_00268.parquet
  Downloaded shard_00269.parquet
  Downloaded shard_00270.parquet
  Downloaded shard_00271.parquet
  Downloaded shard_00356.parquet
  Downloaded shard_00357.parquet
  Downloaded shard_00358.parquet
  Downloaded shard_00359.parquet
  Downloaded shard_00072.parquet
  Downloaded shard_00073.parquet
  Downloaded shard_00074.parquet
  Downloaded shard_00075.parquet
  Downloaded shard_00200.parquet
  Downloaded shard_00201.parquet
  Downloaded shard_00202.parquet
  Downloaded shard_00203.parquet
  Downloaded shard_00304.parquet
  Downloaded shard_00305.parquet
  Downloaded shard_00306.parquet
  Downloaded shard_00307.parquet
  Downloaded shard_00384.parquet
  Downloaded shard_00385.parquet
  Downloaded shard_00386.parquet
  Downloaded shard_00387.parquet
  Downloaded shard_00012.parquet
  Downloaded shard_00013.parquet
  Downloaded shard_00014.parquet
  Downloaded shard_00015.parquet
  Downloaded shard_00164.parquet
  Downloaded shard_00165.parquet
  Downloaded shard_00166.parquet
  Downloaded shard_00167.parquet
  Downloaded shard_00300.parquet
  Downloaded shard_00301.parquet
  Downloaded shard_00302.parquet
  Downloaded shard_00303.parquet
  Downloaded shard_00388.parquet
  Downloaded shard_00389.parquet
  Downloaded shard_00390.parquet
  Downloaded shard_00391.parquet
  Downloaded shard_00048.parquet
  Downloaded shard_00049.parquet
  Downloaded shard_00050.parquet
  Downloaded shard_00051.parquet
  Downloaded shard_00168.parquet
  Downloaded shard_00169.parquet
  Downloaded shard_00170.parquet
  Downloaded shard_00171.parquet
  Downloaded shard_00396.parquet
  Downloaded shard_00397.parquet
  Downloaded shard_00398.parquet
  Downloaded shard_00399.parquet
Data: 401/401 shards ready at /root/.cache/autoresearch/data

Tokenizer: already trained at /root/.cache/autoresearch/tokenizer

Done! Ready to train.
